<?xml version="1.0" encoding="UTF-8"?>
<!-- Generated by org.testng.reporters.JUnitReportReporter -->
<testsuite hostname="frosja" name="EmulatorTest" tests="1" failures="0" timestamp="15 Apr 2022 09:52:47 GMT" time="11.763" errors="0">
  <testcase name="testPlusEmul" time="11.763" classname="EmulatorTest"/>
</testsuite> <!-- EmulatorTest -->
